<?xml version="1.0" encoding="UTF-8"?>
<testsuite name="com.tk.learn.cloudgateway.CloudgatewayApplicationTests" tests="1" skipped="0" failures="0" errors="0" timestamp="2025-11-30T02:46:17" hostname="Thejs-MacBook-Pro-2.local" time="0.329">
  <properties/>
  <testcase name="contextLoads()" classname="com.tk.learn.cloudgateway.CloudgatewayApplicationTests" time="0.329"/>
  <system-out><![CDATA[20:46:15.584 [Test worker] INFO org.springframework.test.context.support.AnnotationConfigContextLoaderUtils -- Could not detect default configuration classes for test class [com.tk.learn.cloudgateway.CloudgatewayApplicationTests]: CloudgatewayApplicationTests does not declare any static, non-private, non-final, nested classes annotated with @Configuration.
20:46:15.623 [Test worker] INFO org.springframework.boot.test.context.SpringBootTestContextBootstrapper -- Found @SpringBootConfiguration com.tk.learn.cloudgateway.CloudgatewayApplication for test class com.tk.learn.cloudgateway.CloudgatewayApplicationTests

  .   ____          _            __ _ _
 /\\ / ___'_ __ _ _(_)_ __  __ _ \ \ \ \
( ( )\___ | '_ | '_| | '_ \/ _` | \ \ \ \
 \\/  ___)| |_)| | | | | || (_| |  ) ) ) )
  '  |____| .__|_| |_|_| |_\__, | / / / /
 =========|_|==============|___/=/_/_/_/

 :: Spring Boot ::                (v3.4.3)

2025-11-29T20:46:15.893-06:00  INFO 39271 --- [cloudgateway] [    Test worker] c.t.l.c.CloudgatewayApplicationTests     : Starting CloudgatewayApplicationTests using Java 17.0.9 with PID 39271 (started by thejkaruneegar in /Users/thejkaruneegar/open-api-workspace/cloudgateway)
2025-11-29T20:46:15.893-06:00  INFO 39271 --- [cloudgateway] [    Test worker] c.t.l.c.CloudgatewayApplicationTests     : No active profile set, falling back to 1 default profile: "default"
2025-11-29T20:46:16.305-06:00  INFO 39271 --- [cloudgateway] [    Test worker] .s.d.r.c.RepositoryConfigurationDelegate : Bootstrapping Spring Data JDBC repositories in DEFAULT mode.
2025-11-29T20:46:16.314-06:00  INFO 39271 --- [cloudgateway] [    Test worker] .s.d.r.c.RepositoryConfigurationDelegate : Finished Spring Data repository scanning in 5 ms. Found 0 JDBC repository interfaces.
2025-11-29T20:46:16.411-06:00  INFO 39271 --- [cloudgateway] [    Test worker] o.s.cloud.context.scope.GenericScope     : BeanFactory id=873fdc2f-806e-36f1-8343-0a6e5c0cf543
2025-11-29T20:46:16.553-06:00  INFO 39271 --- [cloudgateway] [    Test worker] com.zaxxer.hikari.HikariDataSource       : HikariPool-1 - Starting...
2025-11-29T20:46:16.615-06:00  INFO 39271 --- [cloudgateway] [    Test worker] com.zaxxer.hikari.pool.HikariPool        : HikariPool-1 - Added connection conn0: url=jdbc:h2:mem:gwdb user=SA
2025-11-29T20:46:16.615-06:00  INFO 39271 --- [cloudgateway] [    Test worker] com.zaxxer.hikari.HikariDataSource       : HikariPool-1 - Start completed.
2025-11-29T20:46:16.689-06:00 TRACE 39271 --- [cloudgateway] [    Test worker] .s.c.g.s.m.c.RouterFunctionHolderFactory : RouterFunctionHolder initializing with 0 map routes and 2 list routes
2025-11-29T20:46:16.691-06:00 TRACE 39271 --- [cloudgateway] [    Test worker] .s.c.g.s.m.c.RouterFunctionHolderFactory : Creating route for : RouteDefinition{id='employeesvc', predicates=[PredicateDefinition{name='Path', args={_genkey_0=/tla/emplSvc/**}}], filters=[], uri=http://localhost:8081/tla/emplSvc, order=0, metadata={}}
2025-11-29T20:46:16.695-06:00 TRACE 39271 --- [cloudgateway] [    Test worker] o.s.c.g.s.mvc.handler.HandlerDiscoverer  : Discovered Operation method public static org.springframework.web.servlet.function.HandlerFunction org.springframework.cloud.gateway.server.mvc.handler.HandlerFunctions.http(java.net.URI)
2025-11-29T20:46:16.695-06:00 TRACE 39271 --- [cloudgateway] [    Test worker] o.s.c.g.s.mvc.handler.HandlerDiscoverer  : Discovered Operation method public static org.springframework.web.servlet.function.HandlerFunction org.springframework.cloud.gateway.server.mvc.handler.HandlerFunctions.http()
2025-11-29T20:46:16.695-06:00 TRACE 39271 --- [cloudgateway] [    Test worker] o.s.c.g.s.mvc.handler.HandlerDiscoverer  : Discovered Operation method public static org.springframework.web.servlet.function.HandlerFunction org.springframework.cloud.gateway.server.mvc.handler.HandlerFunctions.http(java.lang.String)
2025-11-29T20:46:16.695-06:00 TRACE 39271 --- [cloudgateway] [    Test worker] o.s.c.g.s.mvc.handler.HandlerDiscoverer  : Discovered Operation method public static org.springframework.web.servlet.function.HandlerFunction org.springframework.cloud.gateway.server.mvc.handler.HandlerFunctions.https(java.net.URI)
2025-11-29T20:46:16.695-06:00 TRACE 39271 --- [cloudgateway] [    Test worker] o.s.c.g.s.mvc.handler.HandlerDiscoverer  : Discovered Operation method public static org.springframework.web.servlet.function.HandlerFunction org.springframework.cloud.gateway.server.mvc.handler.HandlerFunctions.https()
2025-11-29T20:46:16.695-06:00 TRACE 39271 --- [cloudgateway] [    Test worker] o.s.c.g.s.mvc.handler.HandlerDiscoverer  : Discovered Operation method public static org.springframework.web.servlet.function.HandlerFunction org.springframework.cloud.gateway.server.mvc.handler.HandlerFunctions.no()
2025-11-29T20:46:16.695-06:00 TRACE 39271 --- [cloudgateway] [    Test worker] o.s.c.g.s.mvc.handler.HandlerDiscoverer  : Discovered Operation method public static org.springframework.web.servlet.function.HandlerFunction org.springframework.cloud.gateway.server.mvc.handler.HandlerFunctions.forward(org.springframework.cloud.gateway.server.mvc.config.RouteProperties)
2025-11-29T20:46:16.695-06:00 TRACE 39271 --- [cloudgateway] [    Test worker] o.s.c.g.s.mvc.handler.HandlerDiscoverer  : Discovered Operation method public static org.springframework.web.servlet.function.HandlerFunction org.springframework.cloud.gateway.server.mvc.handler.HandlerFunctions.forward(java.lang.String)
2025-11-29T20:46:16.695-06:00 TRACE 39271 --- [cloudgateway] [    Test worker] o.s.c.g.s.mvc.handler.HandlerDiscoverer  : Discovered Operation method public static org.springframework.cloud.gateway.server.mvc.handler.HandlerDiscoverer$Result org.springframework.cloud.gateway.server.mvc.filter.LoadBalancerHandlerSupplier.lb(java.net.URI)
2025-11-29T20:46:16.695-06:00 TRACE 39271 --- [cloudgateway] [    Test worker] o.s.c.g.s.mvc.handler.HandlerDiscoverer  : Discovered Operation method public static org.springframework.cloud.gateway.server.mvc.handler.HandlerDiscoverer$Result org.springframework.cloud.gateway.server.mvc.filter.LoadBalancerHandlerSupplier.lb(org.springframework.cloud.gateway.server.mvc.config.RouteProperties)
2025-11-29T20:46:16.698-06:00 TRACE 39271 --- [cloudgateway] [    Test worker] o.s.c.g.s.m.p.PredicateDiscoverer        : Discovered Operation method public static org.springframework.web.servlet.function.RequestPredicate org.springframework.web.servlet.function.RequestPredicates.contentType(org.springframework.http.MediaType[])
2025-11-29T20:46:16.698-06:00 TRACE 39271 --- [cloudgateway] [    Test worker] o.s.c.g.s.m.p.PredicateDiscoverer        : Discovered Operation method public static org.springframework.web.servlet.function.RequestPredicate org.springframework.web.servlet.function.RequestPredicates.headers(java.util.function.Predicate)
2025-11-29T20:46:16.698-06:00 TRACE 39271 --- [cloudgateway] [    Test worker] o.s.c.g.s.m.p.PredicateDiscoverer        : Discovered Operation method public static org.springframework.web.servlet.function.RequestPredicate org.springframework.web.servlet.function.RequestPredicates.POST(java.lang.String)
2025-11-29T20:46:16.698-06:00 TRACE 39271 --- [cloudgateway] [    Test worker] o.s.c.g.s.m.p.PredicateDiscoverer        : Discovered Operation method public static org.springframework.web.servlet.function.RequestPredicate org.springframework.web.servlet.function.RequestPredicates.OPTIONS(java.lang.String)
2025-11-29T20:46:16.698-06:00 TRACE 39271 --- [cloudgateway] [    Test worker] o.s.c.g.s.m.p.PredicateDiscoverer        : Discovered Operation method public static org.springframework.web.servlet.function.RequestPredicate org.springframework.web.servlet.function.RequestPredicates.PUT(java.lang.String)
2025-11-29T20:46:16.698-06:00 TRACE 39271 --- [cloudgateway] [    Test worker] o.s.c.g.s.m.p.PredicateDiscoverer        : Discovered Operation method public static org.springframework.web.servlet.function.RequestPredicate org.springframework.web.servlet.function.RequestPredicates.method(org.springframework.http.HttpMethod)
2025-11-29T20:46:16.698-06:00 TRACE 39271 --- [cloudgateway] [    Test worker] o.s.c.g.s.m.p.PredicateDiscoverer        : Discovered Operation method public static org.springframework.web.servlet.function.RequestPredicate org.springframework.web.servlet.function.RequestPredicates.methods(org.springframework.http.HttpMethod[])
2025-11-29T20:46:16.698-06:00 TRACE 39271 --- [cloudgateway] [    Test worker] o.s.c.g.s.m.p.PredicateDiscoverer        : Discovered Operation method public static org.springframework.web.servlet.function.RequestPredicate org.springframework.web.servlet.function.RequestPredicates.accept(org.springframework.http.MediaType[])
2025-11-29T20:46:16.698-06:00 TRACE 39271 --- [cloudgateway] [    Test worker] o.s.c.g.s.m.p.PredicateDiscoverer        : Discovered Operation method public static org.springframework.web.servlet.function.RequestPredicate org.springframework.web.servlet.function.RequestPredicates.param(java.lang.String,java.lang.String)
2025-11-29T20:46:16.698-06:00 TRACE 39271 --- [cloudgateway] [    Test worker] o.s.c.g.s.m.p.PredicateDiscoverer        : Discovered Operation method public static org.springframework.web.servlet.function.RequestPredicate org.springframework.web.servlet.function.RequestPredicates.param(java.lang.String,java.util.function.Predicate)
2025-11-29T20:46:16.698-06:00 TRACE 39271 --- [cloudgateway] [    Test worker] o.s.c.g.s.m.p.PredicateDiscoverer        : Discovered Operation method public static org.springframework.web.servlet.function.RequestPredicate org.springframework.web.servlet.function.RequestPredicates.GET(java.lang.String)
2025-11-29T20:46:16.699-06:00 TRACE 39271 --- [cloudgateway] [    Test worker] o.s.c.g.s.m.p.PredicateDiscoverer        : Discovered Operation method public static org.springframework.web.servlet.function.RequestPredicate org.springframework.web.servlet.function.RequestPredicates.path(java.lang.String)
2025-11-29T20:46:16.699-06:00 TRACE 39271 --- [cloudgateway] [    Test worker] o.s.c.g.s.m.p.PredicateDiscoverer        : Discovered Operation method public static org.springframework.web.servlet.function.RequestPredicate org.springframework.web.servlet.function.RequestPredicates.DELETE(java.lang.String)
2025-11-29T20:46:16.699-06:00 TRACE 39271 --- [cloudgateway] [    Test worker] o.s.c.g.s.m.p.PredicateDiscoverer        : Discovered Operation method public static org.springframework.web.servlet.function.RequestPredicate org.springframework.web.servlet.function.RequestPredicates.all()
2025-11-29T20:46:16.699-06:00 TRACE 39271 --- [cloudgateway] [    Test worker] o.s.c.g.s.m.p.PredicateDiscoverer        : Discovered Operation method public static org.springframework.web.servlet.function.RequestPredicate org.springframework.web.servlet.function.RequestPredicates.HEAD(java.lang.String)
2025-11-29T20:46:16.699-06:00 TRACE 39271 --- [cloudgateway] [    Test worker] o.s.c.g.s.m.p.PredicateDiscoverer        : Discovered Operation method public static org.springframework.web.servlet.function.RequestPredicate org.springframework.web.servlet.function.RequestPredicates.pathExtension(java.lang.String)
2025-11-29T20:46:16.699-06:00 TRACE 39271 --- [cloudgateway] [    Test worker] o.s.c.g.s.m.p.PredicateDiscoverer        : Discovered Operation method public static org.springframework.web.servlet.function.RequestPredicate org.springframework.web.servlet.function.RequestPredicates.pathExtension(java.util.function.Predicate)
2025-11-29T20:46:16.699-06:00 TRACE 39271 --- [cloudgateway] [    Test worker] o.s.c.g.s.m.p.PredicateDiscoverer        : Discovered Operation method public static org.springframework.web.servlet.function.RequestPredicate org.springframework.web.servlet.function.RequestPredicates.PATCH(java.lang.String)
2025-11-29T20:46:16.699-06:00 TRACE 39271 --- [cloudgateway] [    Test worker] o.s.c.g.s.m.p.PredicateDiscoverer        : Discovered Operation method public static org.springframework.web.servlet.function.RequestPredicate org.springframework.cloud.gateway.server.mvc.predicate.GatewayRequestPredicates.method(org.springframework.http.HttpMethod[])
2025-11-29T20:46:16.699-06:00 TRACE 39271 --- [cloudgateway] [    Test worker] o.s.c.g.s.m.p.PredicateDiscoverer        : Discovered Operation method public static org.springframework.web.servlet.function.RequestPredicate org.springframework.cloud.gateway.server.mvc.predicate.GatewayRequestPredicates.host(java.lang.String[])
2025-11-29T20:46:16.699-06:00 TRACE 39271 --- [cloudgateway] [    Test worker] o.s.c.g.s.m.p.PredicateDiscoverer        : Discovered Operation method public static org.springframework.web.servlet.function.RequestPredicate org.springframework.cloud.gateway.server.mvc.predicate.GatewayRequestPredicates.host(java.lang.String)
2025-11-29T20:46:16.699-06:00 TRACE 39271 --- [cloudgateway] [    Test worker] o.s.c.g.s.m.p.PredicateDiscoverer        : Discovered Operation method public static org.springframework.web.servlet.function.RequestPredicate org.springframework.cloud.gateway.server.mvc.predicate.GatewayRequestPredicates.query(java.lang.String)
2025-11-29T20:46:16.699-06:00 TRACE 39271 --- [cloudgateway] [    Test worker] o.s.c.g.s.m.p.PredicateDiscoverer        : Discovered Operation method public static org.springframework.web.servlet.function.RequestPredicate org.springframework.cloud.gateway.server.mvc.predicate.GatewayRequestPredicates.query(java.lang.String,java.lang.String)
2025-11-29T20:46:16.700-06:00 TRACE 39271 --- [cloudgateway] [    Test worker] o.s.c.g.s.m.p.PredicateDiscoverer        : Discovered Operation method public static org.springframework.web.servlet.function.RequestPredicate org.springframework.cloud.gateway.server.mvc.predicate.GatewayRequestPredicates.path(java.lang.String[])
2025-11-29T20:46:16.700-06:00 TRACE 39271 --- [cloudgateway] [    Test worker] o.s.c.g.s.m.p.PredicateDiscoverer        : Discovered Operation method public static org.springframework.web.servlet.function.RequestPredicate org.springframework.cloud.gateway.server.mvc.predicate.GatewayRequestPredicates.path(java.lang.String)
2025-11-29T20:46:16.700-06:00 TRACE 39271 --- [cloudgateway] [    Test worker] o.s.c.g.s.m.p.PredicateDiscoverer        : Discovered Operation method public static org.springframework.web.servlet.function.RequestPredicate org.springframework.cloud.gateway.server.mvc.predicate.GatewayRequestPredicates.before(java.time.ZonedDateTime)
2025-11-29T20:46:16.700-06:00 TRACE 39271 --- [cloudgateway] [    Test worker] o.s.c.g.s.m.p.PredicateDiscoverer        : Discovered Operation method public static org.springframework.web.servlet.function.RequestPredicate org.springframework.cloud.gateway.server.mvc.predicate.GatewayRequestPredicates.after(java.time.ZonedDateTime)
2025-11-29T20:46:16.700-06:00 TRACE 39271 --- [cloudgateway] [    Test worker] o.s.c.g.s.m.p.PredicateDiscoverer        : Discovered Operation method public static org.springframework.web.servlet.function.RequestPredicate org.springframework.cloud.gateway.server.mvc.predicate.GatewayRequestPredicates.between(java.time.ZonedDateTime,java.time.ZonedDateTime)
2025-11-29T20:46:16.700-06:00 TRACE 39271 --- [cloudgateway] [    Test worker] o.s.c.g.s.m.p.PredicateDiscoverer        : Discovered Operation method public static org.springframework.web.servlet.function.RequestPredicate org.springframework.cloud.gateway.server.mvc.predicate.GatewayRequestPredicates.header(java.lang.String,java.lang.String)
2025-11-29T20:46:16.700-06:00 TRACE 39271 --- [cloudgateway] [    Test worker] o.s.c.g.s.m.p.PredicateDiscoverer        : Discovered Operation method public static org.springframework.web.servlet.function.RequestPredicate org.springframework.cloud.gateway.server.mvc.predicate.GatewayRequestPredicates.header(java.lang.String)
2025-11-29T20:46:16.700-06:00 TRACE 39271 --- [cloudgateway] [    Test worker] o.s.c.g.s.m.p.PredicateDiscoverer        : Discovered Operation method public static org.springframework.web.servlet.function.RequestPredicate org.springframework.cloud.gateway.server.mvc.predicate.GatewayRequestPredicates.cloudFoundryRouteService()
2025-11-29T20:46:16.700-06:00 TRACE 39271 --- [cloudgateway] [    Test worker] o.s.c.g.s.m.p.PredicateDiscoverer        : Discovered Operation method public static org.springframework.web.servlet.function.RequestPredicate org.springframework.cloud.gateway.server.mvc.predicate.GatewayRequestPredicates.weight(java.lang.String,int)
2025-11-29T20:46:16.700-06:00 TRACE 39271 --- [cloudgateway] [    Test worker] o.s.c.g.s.m.p.PredicateDiscoverer        : Discovered Operation method public static org.springframework.web.servlet.function.RequestPredicate org.springframework.cloud.gateway.server.mvc.predicate.GatewayRequestPredicates.cookie(java.lang.String,java.lang.String)
2025-11-29T20:46:16.700-06:00 TRACE 39271 --- [cloudgateway] [    Test worker] o.s.c.g.s.m.p.PredicateDiscoverer        : Discovered Operation method public static org.springframework.web.servlet.function.RequestPredicate org.springframework.cloud.gateway.server.mvc.predicate.GatewayRequestPredicates.cookie(java.lang.String)
2025-11-29T20:46:16.700-06:00 TRACE 39271 --- [cloudgateway] [    Test worker] o.s.c.g.s.m.p.PredicateDiscoverer        : Discovered Operation method public static org.springframework.web.servlet.function.RequestPredicate org.springframework.cloud.gateway.server.mvc.predicate.GatewayRequestPredicates.readBody(java.lang.Class,java.util.function.Predicate)
2025-11-29T20:46:16.704-06:00 TRACE 39271 --- [cloudgateway] [    Test worker] .s.c.g.s.m.c.RouterFunctionHolderFactory : Adding predicate to route employeesvc - PredicateDefinition{name='Path', args={_genkey_0=/tla/emplSvc/**}}
2025-11-29T20:46:16.705-06:00 TRACE 39271 --- [cloudgateway] [    Test worker] .s.c.g.s.m.c.RouterFunctionHolderFactory : Combined predicate for route employeesvc - /tla/emplSvc/**
2025-11-29T20:46:16.705-06:00 DEBUG 39271 --- [cloudgateway] [    Test worker] .s.c.g.s.m.c.RouterFunctionHolderFactory : Yaml Properties matched Operations name: path, args: {patterns=/tla/emplSvc/**}, params: [patterns of type [Ljava.lang.String;]
2025-11-29T20:46:16.707-06:00 DEBUG 39271 --- [cloudgateway] [    Test worker] o.s.c.g.s.mvc.filter.FilterDiscoverer    : NoClassDefFoundError discovering supplier interface org.springframework.cloud.gateway.server.mvc.filter.FilterSupplier for type interface org.springframework.web.servlet.function.HandlerFilterFunction
2025-11-29T20:46:16.708-06:00 TRACE 39271 --- [cloudgateway] [    Test worker] o.s.c.g.s.mvc.filter.FilterDiscoverer    : Discovered Operation method public static org.springframework.web.servlet.function.HandlerFilterFunction org.springframework.cloud.gateway.server.mvc.filter.Bucket4jFilterFunctions.rateLimit(long,java.time.Duration,java.util.function.Function)
2025-11-29T20:46:16.708-06:00 TRACE 39271 --- [cloudgateway] [    Test worker] o.s.c.g.s.mvc.filter.FilterDiscoverer    : Discovered Operation method public static org.springframework.web.servlet.function.HandlerFilterFunction org.springframework.cloud.gateway.server.mvc.filter.Bucket4jFilterFunctions.rateLimit(java.util.function.Consumer)
2025-11-29T20:46:16.708-06:00 TRACE 39271 --- [cloudgateway] [    Test worker] o.s.c.g.s.mvc.filter.FilterDiscoverer    : Discovered Operation method public static org.springframework.web.servlet.function.HandlerFilterFunction org.springframework.cloud.gateway.server.mvc.filter.CircuitBreakerFilterFunctions.circuitBreaker(java.lang.String,java.lang.String)
2025-11-29T20:46:16.708-06:00 TRACE 39271 --- [cloudgateway] [    Test worker] o.s.c.g.s.mvc.filter.FilterDiscoverer    : Discovered Operation method public static org.springframework.web.servlet.function.HandlerFilterFunction org.springframework.cloud.gateway.server.mvc.filter.CircuitBreakerFilterFunctions.circuitBreaker(java.util.function.Consumer)
2025-11-29T20:46:16.708-06:00 TRACE 39271 --- [cloudgateway] [    Test worker] o.s.c.g.s.mvc.filter.FilterDiscoverer    : Discovered Operation method public static org.springframework.web.servlet.function.HandlerFilterFunction org.springframework.cloud.gateway.server.mvc.filter.CircuitBreakerFilterFunctions.circuitBreaker(org.springframework.cloud.gateway.server.mvc.filter.CircuitBreakerFilterFunctions$CircuitBreakerConfig)
2025-11-29T20:46:16.708-06:00 TRACE 39271 --- [cloudgateway] [    Test worker] o.s.c.g.s.mvc.filter.FilterDiscoverer    : Discovered Operation method public static org.springframework.web.servlet.function.HandlerFilterFunction org.springframework.cloud.gateway.server.mvc.filter.CircuitBreakerFilterFunctions.circuitBreaker(java.lang.String,java.net.URI)
2025-11-29T20:46:16.708-06:00 TRACE 39271 --- [cloudgateway] [    Test worker] o.s.c.g.s.mvc.filter.FilterDiscoverer    : Discovered Operation method public static org.springframework.web.servlet.function.HandlerFilterFunction org.springframework.cloud.gateway.server.mvc.filter.CircuitBreakerFilterFunctions.circuitBreaker(java.lang.String)
2025-11-29T20:46:16.708-06:00 TRACE 39271 --- [cloudgateway] [    Test worker] o.s.c.g.s.mvc.filter.FilterDiscoverer    : Discovered Operation method public static org.springframework.web.servlet.function.HandlerFilterFunction org.springframework.cloud.gateway.server.mvc.filter.TokenRelayFilterFunctions.tokenRelay()
2025-11-29T20:46:16.708-06:00 TRACE 39271 --- [cloudgateway] [    Test worker] o.s.c.g.s.mvc.filter.FilterDiscoverer    : Discovered Operation method public static org.springframework.web.servlet.function.HandlerFilterFunction org.springframework.cloud.gateway.server.mvc.filter.TokenRelayFilterFunctions.tokenRelay(java.lang.String)
2025-11-29T20:46:16.708-06:00 TRACE 39271 --- [cloudgateway] [    Test worker] o.s.c.g.s.mvc.filter.FilterDiscoverer    : Discovered Operation method public static org.springframework.web.servlet.function.HandlerFilterFunction org.springframework.cloud.gateway.server.mvc.filter.FilterFunctions.preserveHost()
2025-11-29T20:46:16.708-06:00 TRACE 39271 --- [cloudgateway] [    Test worker] o.s.c.g.s.mvc.filter.FilterDiscoverer    : Discovered Operation method public static org.springframework.web.servlet.function.HandlerFilterFunction org.springframework.cloud.gateway.server.mvc.filter.FilterFunctions.addResponseHeader(java.lang.String,java.lang.String[])
2025-11-29T20:46:16.708-06:00 TRACE 39271 --- [cloudgateway] [    Test worker] o.s.c.g.s.mvc.filter.FilterDiscoverer    : Discovered Operation method public static org.springframework.web.servlet.function.HandlerFilterFunction org.springframework.cloud.gateway.server.mvc.filter.FilterFunctions.dedupeResponseHeader(java.lang.String)
2025-11-29T20:46:16.708-06:00 TRACE 39271 --- [cloudgateway] [    Test worker] o.s.c.g.s.mvc.filter.FilterDiscoverer    : Discovered Operation method public static org.springframework.web.servlet.function.HandlerFilterFunction org.springframework.cloud.gateway.server.mvc.filter.FilterFunctions.dedupeResponseHeader(java.lang.String,org.springframework.cloud.gateway.server.mvc.filter.AfterFilterFunctions$DedupeStrategy)
2025-11-29T20:46:16.708-06:00 TRACE 39271 --- [cloudgateway] [    Test worker] o.s.c.g.s.mvc.filter.FilterDiscoverer    : Discovered Operation method public static org.springframework.web.servlet.function.HandlerFilterFunction org.springframework.cloud.gateway.server.mvc.filter.FilterFunctions.removeResponseHeader(java.lang.String)
2025-11-29T20:46:16.709-06:00 TRACE 39271 --- [cloudgateway] [    Test worker] o.s.c.g.s.mvc.filter.FilterDiscoverer    : Discovered Operation method public static org.springframework.web.servlet.function.HandlerFilterFunction org.springframework.cloud.gateway.server.mvc.filter.FilterFunctions.rewriteResponseHeader(java.lang.String,java.lang.String,java.lang.String)
2025-11-29T20:46:16.709-06:00 TRACE 39271 --- [cloudgateway] [    Test worker] o.s.c.g.s.mvc.filter.FilterDiscoverer    : Discovered Operation method public static org.springframework.web.servlet.function.HandlerFilterFunction org.springframework.cloud.gateway.server.mvc.filter.FilterFunctions.setResponseHeader(java.lang.String,java.lang.String)
2025-11-29T20:46:16.709-06:00 TRACE 39271 --- [cloudgateway] [    Test worker] o.s.c.g.s.mvc.filter.FilterDiscoverer    : Discovered Operation method public static org.springframework.web.servlet.function.HandlerFilterFunction org.springframework.cloud.gateway.server.mvc.filter.FilterFunctions.adaptCachedBody()
2025-11-29T20:46:16.709-06:00 TRACE 39271 --- [cloudgateway] [    Test worker] o.s.c.g.s.mvc.filter.FilterDiscoverer    : Discovered Operation method public static org.springframework.web.servlet.function.HandlerFilterFunction org.springframework.cloud.gateway.server.mvc.filter.FilterFunctions.fallbackHeaders()
2025-11-29T20:46:16.709-06:00 TRACE 39271 --- [cloudgateway] [    Test worker] o.s.c.g.s.mvc.filter.FilterDiscoverer    : Discovered Operation method public static org.springframework.web.servlet.function.HandlerFilterFunction org.springframework.cloud.gateway.server.mvc.filter.FilterFunctions.fallbackHeaders(java.util.function.Consumer)
2025-11-29T20:46:16.709-06:00 TRACE 39271 --- [cloudgateway] [    Test worker] o.s.c.g.s.mvc.filter.FilterDiscoverer    : Discovered Operation method public static org.springframework.web.servlet.function.HandlerFilterFunction org.springframework.cloud.gateway.server.mvc.filter.FilterFunctions.requestHeaderSize(java.lang.String)
2025-11-29T20:46:16.709-06:00 TRACE 39271 --- [cloudgateway] [    Test worker] o.s.c.g.s.mvc.filter.FilterDiscoverer    : Discovered Operation method public static org.springframework.web.servlet.function.HandlerFilterFunction org.springframework.cloud.gateway.server.mvc.filter.FilterFunctions.requestHeaderSize(org.springframework.util.unit.DataSize)
2025-11-29T20:46:16.709-06:00 TRACE 39271 --- [cloudgateway] [    Test worker] o.s.c.g.s.mvc.filter.FilterDiscoverer    : Discovered Operation method public static org.springframework.web.servlet.function.HandlerFilterFunction org.springframework.cloud.gateway.server.mvc.filter.FilterFunctions.requestSize(java.lang.String)
2025-11-29T20:46:16.709-06:00 TRACE 39271 --- [cloudgateway] [    Test worker] o.s.c.g.s.mvc.filter.FilterDiscoverer    : Discovered Operation method public static org.springframework.web.servlet.function.HandlerFilterFunction org.springframework.cloud.gateway.server.mvc.filter.FilterFunctions.requestSize(org.springframework.util.unit.DataSize)
2025-11-29T20:46:16.709-06:00 TRACE 39271 --- [cloudgateway] [    Test worker] o.s.c.g.s.mvc.filter.FilterDiscoverer    : Discovered Operation method public static org.springframework.web.servlet.function.HandlerFilterFunction org.springframework.cloud.gateway.server.mvc.filter.FilterFunctions.stripPrefix(int)
2025-11-29T20:46:16.709-06:00 TRACE 39271 --- [cloudgateway] [    Test worker] o.s.c.g.s.mvc.filter.FilterDiscoverer    : Discovered Operation method public static org.springframework.web.servlet.function.HandlerFilterFunction org.springframework.cloud.gateway.server.mvc.filter.FilterFunctions.stripPrefix()
2025-11-29T20:46:16.709-06:00 TRACE 39271 --- [cloudgateway] [    Test worker] o.s.c.g.s.mvc.filter.FilterDiscoverer    : Discovered Operation method public static org.springframework.web.servlet.function.HandlerFilterFunction org.springframework.cloud.gateway.server.mvc.filter.FilterFunctions.addRequestHeader(java.lang.String,java.lang.String[])
2025-11-29T20:46:16.709-06:00 TRACE 39271 --- [cloudgateway] [    Test worker] o.s.c.g.s.mvc.filter.FilterDiscoverer    : Discovered Operation method public static org.springframework.web.servlet.function.HandlerFilterFunction org.springframework.cloud.gateway.server.mvc.filter.FilterFunctions.addRequestParameter(java.lang.String,java.lang.String[])
2025-11-29T20:46:16.709-06:00 TRACE 39271 --- [cloudgateway] [    Test worker] o.s.c.g.s.mvc.filter.FilterDiscoverer    : Discovered Operation method public static org.springframework.web.servlet.function.HandlerFilterFunction org.springframework.cloud.gateway.server.mvc.filter.FilterFunctions.mapRequestHeader(java.lang.String,java.lang.String)
2025-11-29T20:46:16.709-06:00 TRACE 39271 --- [cloudgateway] [    Test worker] o.s.c.g.s.mvc.filter.FilterDiscoverer    : Discovered Operation method public static org.springframework.web.servlet.function.HandlerFilterFunction org.springframework.cloud.gateway.server.mvc.filter.FilterFunctions.removeRequestHeader(java.lang.String)
2025-11-29T20:46:16.709-06:00 TRACE 39271 --- [cloudgateway] [    Test worker] o.s.c.g.s.mvc.filter.FilterDiscoverer    : Discovered Operation method public static org.springframework.web.servlet.function.HandlerFilterFunction org.springframework.cloud.gateway.server.mvc.filter.FilterFunctions.removeRequestParameter(java.lang.String)
2025-11-29T20:46:16.709-06:00 TRACE 39271 --- [cloudgateway] [    Test worker] o.s.c.g.s.mvc.filter.FilterDiscoverer    : Discovered Operation method public static org.springframework.web.servlet.function.HandlerFilterFunction org.springframework.cloud.gateway.server.mvc.filter.FilterFunctions.requestHeaderToRequestUri(java.lang.String)
2025-11-29T20:46:16.709-06:00 TRACE 39271 --- [cloudgateway] [    Test worker] o.s.c.g.s.mvc.filter.FilterDiscoverer    : Discovered Operation method public static org.springframework.web.servlet.function.HandlerFilterFunction org.springframework.cloud.gateway.server.mvc.filter.FilterFunctions.rewritePath(java.lang.String,java.lang.String)
2025-11-29T20:46:16.709-06:00 TRACE 39271 --- [cloudgateway] [    Test worker] o.s.c.g.s.mvc.filter.FilterDiscoverer    : Discovered Operation method public static org.springframework.web.servlet.function.HandlerFilterFunction org.springframework.cloud.gateway.server.mvc.filter.FilterFunctions.setRequestHeader(java.lang.String,java.lang.String)
2025-11-29T20:46:16.709-06:00 TRACE 39271 --- [cloudgateway] [    Test worker] o.s.c.g.s.mvc.filter.FilterDiscoverer    : Discovered Operation method public static org.springframework.web.servlet.function.HandlerFilterFunction org.springframework.cloud.gateway.server.mvc.filter.FilterFunctions.setRequestHostHeader(java.lang.String)
2025-11-29T20:46:16.709-06:00 TRACE 39271 --- [cloudgateway] [    Test worker] o.s.c.g.s.mvc.filter.FilterDiscoverer    : Discovered Operation method public static org.springframework.web.servlet.function.HandlerFilterFunction org.springframework.cloud.gateway.server.mvc.filter.FilterFunctions.setPath(java.lang.String)
2025-11-29T20:46:16.709-06:00 TRACE 39271 --- [cloudgateway] [    Test worker] o.s.c.g.s.mvc.filter.FilterDiscoverer    : Discovered Operation method public static org.springframework.web.servlet.function.HandlerFilterFunction org.springframework.cloud.gateway.server.mvc.filter.FilterFunctions.setStatus(org.springframework.cloud.gateway.server.mvc.common.HttpStatusHolder)
2025-11-29T20:46:16.709-06:00 TRACE 39271 --- [cloudgateway] [    Test worker] o.s.c.g.s.mvc.filter.FilterDiscoverer    : Discovered Operation method public static org.springframework.web.servlet.function.HandlerFilterFunction org.springframework.cloud.gateway.server.mvc.filter.FilterFunctions.setStatus(org.springframework.http.HttpStatusCode)
2025-11-29T20:46:16.710-06:00 TRACE 39271 --- [cloudgateway] [    Test worker] o.s.c.g.s.mvc.filter.FilterDiscoverer    : Discovered Operation method public static org.springframework.web.servlet.function.HandlerFilterFunction org.springframework.cloud.gateway.server.mvc.filter.FilterFunctions.setStatus(int)
2025-11-29T20:46:16.710-06:00 TRACE 39271 --- [cloudgateway] [    Test worker] o.s.c.g.s.mvc.filter.FilterDiscoverer    : Discovered Operation method public static org.springframework.web.servlet.function.HandlerFilterFunction org.springframework.cloud.gateway.server.mvc.filter.FilterFunctions.rewriteLocationResponseHeader(java.lang.String,java.lang.String,java.lang.String,java.lang.String)
2025-11-29T20:46:16.710-06:00 TRACE 39271 --- [cloudgateway] [    Test worker] o.s.c.g.s.mvc.filter.FilterDiscoverer    : Discovered Operation method public static org.springframework.web.servlet.function.HandlerFilterFunction org.springframework.cloud.gateway.server.mvc.filter.FilterFunctions.addRequestHeadersIfNotPresent(org.springframework.cloud.gateway.server.mvc.common.KeyValues)
2025-11-29T20:46:16.710-06:00 TRACE 39271 --- [cloudgateway] [    Test worker] o.s.c.g.s.mvc.filter.FilterDiscoverer    : Discovered Operation method public static org.springframework.web.servlet.function.HandlerFilterFunction org.springframework.cloud.gateway.server.mvc.filter.FilterFunctions.addRequestHeadersIfNotPresent(java.lang.String)
2025-11-29T20:46:16.710-06:00 TRACE 39271 --- [cloudgateway] [    Test worker] o.s.c.g.s.mvc.filter.FilterDiscoverer    : Discovered Operation method public static org.springframework.web.servlet.function.HandlerFilterFunction org.springframework.cloud.gateway.server.mvc.filter.FilterFunctions.routeId(java.lang.String)
2025-11-29T20:46:16.710-06:00 TRACE 39271 --- [cloudgateway] [    Test worker] o.s.c.g.s.mvc.filter.FilterDiscoverer    : Discovered Operation method public static org.springframework.web.servlet.function.HandlerFilterFunction org.springframework.cloud.gateway.server.mvc.filter.FilterFunctions.redirectTo(org.springframework.cloud.gateway.server.mvc.common.HttpStatusHolder,java.net.URI)
2025-11-29T20:46:16.710-06:00 TRACE 39271 --- [cloudgateway] [    Test worker] o.s.c.g.s.mvc.filter.FilterDiscoverer    : Discovered Operation method public static org.springframework.web.servlet.function.HandlerFilterFunction org.springframework.cloud.gateway.server.mvc.filter.FilterFunctions.redirectTo(int,java.net.URI)
2025-11-29T20:46:16.710-06:00 TRACE 39271 --- [cloudgateway] [    Test worker] o.s.c.g.s.mvc.filter.FilterDiscoverer    : Discovered Operation method public static org.springframework.web.servlet.function.HandlerFilterFunction org.springframework.cloud.gateway.server.mvc.filter.FilterFunctions.redirectTo(org.springframework.http.HttpStatusCode,java.net.URI)
2025-11-29T20:46:16.710-06:00 TRACE 39271 --- [cloudgateway] [    Test worker] o.s.c.g.s.mvc.filter.FilterDiscoverer    : Discovered Operation method public static org.springframework.web.servlet.function.HandlerFilterFunction org.springframework.cloud.gateway.server.mvc.filter.FilterFunctions.redirectTo(java.lang.String,java.net.URI)
2025-11-29T20:46:16.713-06:00 TRACE 39271 --- [cloudgateway] [    Test worker] o.s.c.g.s.mvc.filter.FilterDiscoverer    : Discovered Operation method public static org.springframework.web.servlet.function.HandlerFilterFunction org.springframework.cloud.gateway.server.mvc.filter.FilterFunctions.prefixPath(java.lang.String)
2025-11-29T20:46:16.717-06:00 TRACE 39271 --- [cloudgateway] [    Test worker] .s.c.g.s.m.c.RouterFunctionHolderFactory : Creating route for : RouteDefinition{id='personsvc', predicates=[PredicateDefinition{name='Path', args={_genkey_0=/tla/personSvc/**}}], filters=[], uri=http://localhost:8082/tla/personSvc, order=0, metadata={}}
2025-11-29T20:46:16.717-06:00 TRACE 39271 --- [cloudgateway] [    Test worker] .s.c.g.s.m.c.RouterFunctionHolderFactory : Adding predicate to route personsvc - PredicateDefinition{name='Path', args={_genkey_0=/tla/personSvc/**}}
2025-11-29T20:46:16.717-06:00 TRACE 39271 --- [cloudgateway] [    Test worker] .s.c.g.s.m.c.RouterFunctionHolderFactory : Combined predicate for route personsvc - /tla/personSvc/**
2025-11-29T20:46:16.717-06:00 DEBUG 39271 --- [cloudgateway] [    Test worker] .s.c.g.s.m.c.RouterFunctionHolderFactory : Yaml Properties matched Operations name: path, args: {patterns=/tla/personSvc/**}, params: [patterns of type [Ljava.lang.String;]
2025-11-29T20:46:16.718-06:00 TRACE 39271 --- [cloudgateway] [    Test worker] .s.c.g.s.m.c.RouterFunctionHolderFactory : RouterFunctionHolder initialized /tla/emplSvc/** -> ProxyExchangeHandlerFunction
/tla/personSvc/** -> ProxyExchangeHandlerFunction
2025-11-29T20:46:17.144-06:00  INFO 39271 --- [cloudgateway] [    Test worker] o.s.b.a.h2.H2ConsoleAutoConfiguration    : H2 console available at '/h2-console'. Database available at 'jdbc:h2:mem:gwdb'
2025-11-29T20:46:17.260-06:00  INFO 39271 --- [cloudgateway] [    Test worker] o.s.b.a.e.web.EndpointLinksResolver      : Exposing 1 endpoint beneath base path '/actuator'
2025-11-29T20:46:17.298-06:00  INFO 39271 --- [cloudgateway] [    Test worker] c.t.l.c.CloudgatewayApplicationTests     : Started CloudgatewayApplicationTests in 1.566 seconds (process running for 2.012)
2025-11-29T20:46:17.316-06:00  INFO 39271 --- [cloudgateway] [    Test worker] c.t.l.c.d.CustomRouterFunctionMapping    : Refreshing the custom router function
2025-11-29T20:46:17.325-06:00  INFO 39271 --- [cloudgateway] [    Test worker] c.t.l.c.d.CustomRouterFunctionRetriever  : Built DB RouterFunction with 2 routes
2025-11-29T20:46:17.325-06:00  INFO 39271 --- [cloudgateway] [    Test worker] c.t.l.c.d.CustomRouterFunctionMapping    : Refreshing of the custom router function finished: /tla/emplSvc/** -> ProxyExchangeHandlerFunction
/tla/personSvc/** -> ProxyExchangeHandlerFunction
/tla/emplSvc/** -> ProxyExchangeHandlerFunction
/tla/personSvc/** -> ProxyExchangeHandlerFunction
]]></system-out>
  <system-err><![CDATA[]]></system-err>
</testsuite>
